motorcycleApp/app/build/intermediates/manifest_merge_blame_file/debug/manifest-merger-blame-debug-report.txt
1<?xml version="1.0" encoding="utf-8"?>
2<manifest xmlns:android="http://schemas.android.com/apk/res/android"
3    xmlns:dist="http://schemas.android.com/apk/distribution"
4    package="com.example.motorcycleapp"
5    android:versionCode="1"
6    android:versionName="1.0" >
7
8    <uses-sdk
9        android:minSdkVersion="16"
9-->src/main/AndroidManifest.xml
10        android:targetSdkVersion="29" />
10-->src/main/AndroidManifest.xml
11
12    <dist:module dist:instant="true" />
12-->src/main/AndroidManifest.xml:6:5-40
12-->src/main/AndroidManifest.xml:6:18-37
13
14    <application
14-->src/main/AndroidManifest.xml:8:5-44:19
15        android:allowBackup="true"
15-->src/main/AndroidManifest.xml:9:9-35
16        android:appComponentFactory="androidx.core.app.CoreComponentFactory"
16-->[androidx.core:core:1.1.0] AndroidManifest.xml:24:18-86
17        android:debuggable="true"
18        android:icon="@mipmap/ic_launcher"
18-->src/main/AndroidManifest.xml:10:9-43
19        android:label="@string/app_name"
19-->src/main/AndroidManifest.xml:11:9-41
20        android:roundIcon="@mipmap/ic_launcher_round"
20-->src/main/AndroidManifest.xml:12:9-54
21        android:supportsRtl="true"
21-->src/main/AndroidManifest.xml:13:9-35
22        android:testOnly="true"
23        android:theme="@style/AppTheme" >
23-->src/main/AndroidManifest.xml:14:9-40
24        <activity android:name="com.example.motorcycleapp.ActivityFirst" >
24-->src/main/AndroidManifest.xml:15:9-21:20
24-->src/main/AndroidManifest.xml:15:19-48
25            <intent-filter>
25-->src/main/AndroidManifest.xml:16:13-20:29
26                <action android:name="android.intent.action.MAIN" />
26-->src/main/AndroidManifest.xml:17:17-69
26-->src/main/AndroidManifest.xml:17:25-66
27
28                <category android:name="android.intent.category.LAUNCHER" />
28-->src/main/AndroidManifest.xml:19:17-77
28-->src/main/AndroidManifest.xml:19:27-74
29            </intent-filter>
30        </activity>
31        <activity android:name="com.example.motorcycleapp.ActivityMainV2" >
31-->src/main/AndroidManifest.xml:22:9-23:20
31-->src/main/AndroidManifest.xml:22:19-49
32        </activity>
33        <activity android:name="com.example.motorcycleapp.ActivityThirdV2" >
33-->src/main/AndroidManifest.xml:24:9-25:20
33-->src/main/AndroidManifest.xml:24:19-50
34        </activity>
35        <activity android:name="com.example.motorcycleapp.ActivityThird21" >
35-->src/main/AndroidManifest.xml:26:9-27:20
35-->src/main/AndroidManifest.xml:26:19-50
36        </activity>
37        <activity android:name="com.example.motorcycleapp.ActivitySeventh2" >
37-->src/main/AndroidManifest.xml:28:9-29:20
37-->src/main/AndroidManifest.xml:28:19-51
38        </activity>
39        <activity android:name="com.example.motorcycleapp.ActivitySeventh21" >
39-->src/main/AndroidManifest.xml:30:9-31:20
39-->src/main/AndroidManifest.xml:30:19-52
40        </activity>
41        <activity android:name="com.example.motorcycleapp.ActivitySecondV2" >
41-->src/main/AndroidManifest.xml:32:9-33:20
41-->src/main/AndroidManifest.xml:32:19-51
42        </activity>
43        <activity android:name="com.example.motorcycleapp.ActivitySecond21" >
43-->src/main/AndroidManifest.xml:34:9-35:20
43-->src/main/AndroidManifest.xml:34:19-51
44        </activity>
45        <activity android:name="com.example.motorcycleapp.ActivityFourthV2" >
45-->src/main/AndroidManifest.xml:36:9-37:20
45-->src/main/AndroidManifest.xml:36:19-51
46        </activity>
47        <activity android:name="com.example.motorcycleapp.ActivityFifthV2" >
47-->src/main/AndroidManifest.xml:38:9-39:20
47-->src/main/AndroidManifest.xml:38:19-50
48        </activity>
49        <activity android:name="com.example.motorcycleapp.ActivitySixthV2" >
49-->src/main/AndroidManifest.xml:40:9-41:20
49-->src/main/AndroidManifest.xml:40:19-50
50        </activity>
51        <activity android:name="com.example.motorcycleapp.ActivitySixthV21" >
51-->src/main/AndroidManifest.xml:42:9-43:20
51-->src/main/AndroidManifest.xml:42:19-51
52        </activity>
53    </application>
54
55</manifest>